Running file test.elf.
ELF Entry @ 0x80001000
begin_signature: 0x80002010
CSR mstatus <- 0x00000000 (input: 0x00000000)
mem[X,0x00001000] -> 0x0297
mem[X,0x00001002] -> 0x0000
[0] [M]: 0x00001000 (0x00000297) auipc t0, 0x0
x5 <- 0x00001000

mem[X,0x00001004] -> 0x8593
mem[X,0x00001006] -> 0x0202
[1] [M]: 0x00001004 (0x02028593) addi a1, t0, 0x20
x11 <- 0x00001020

mem[X,0x00001008] -> 0x2573
mem[X,0x0000100A] -> 0xF140
[2] [M]: 0x00001008 (0xF1402573) csrrs a0, mhartid, zero
CSR mhartid -> 0x00000000
x10 <- 0x00000000

mem[X,0x0000100C] -> 0xA283
mem[X,0x0000100E] -> 0x0182
[3] [M]: 0x0000100C (0x0182A283) lw t0, 0x18(t0)
mem[R,0x00001018] -> 0x80001000
x5 <- 0x80001000

mem[X,0x00001010] -> 0x8067
mem[X,0x00001012] -> 0x0002
[4] [M]: 0x00001010 (0x00028067) jalr zero, 0x0(t0)

mem[X,0x80001000] -> 0x0297
mem[X,0x80001002] -> 0x0000
[5] [M]: 0x80001000 (0x00000297) auipc t0, 0x0
x5 <- 0x80001000

mem[X,0x80001004] -> 0x8293
mem[X,0x80001006] -> 0x08C2
[6] [M]: 0x80001004 (0x08C28293) addi t0, t0, 0x8c
x5 <- 0x8000108C

mem[X,0x80001008] -> 0x9073
mem[X,0x8000100A] -> 0x3052
[7] [M]: 0x80001008 (0x30529073) csrrw zero, mtvec, t0
CSR mtvec <- 0x8000108C (input: 0x8000108C)

mem[X,0x8000100C] -> 0x2573
mem[X,0x8000100E] -> 0x3000
[8] [M]: 0x8000100C (0x30002573) csrrs a0, mstatus, zero
CSR mstatus -> 0x00000000
x10 <- 0x00000000

mem[X,0x80001010] -> 0x0513
mem[X,0x80001012] -> 0x0000
[9] [M]: 0x80001010 (0x00000513) addi a0, zero, 0x0
x10 <- 0x00000000

mem[X,0x80001014] -> 0x00EF
mem[X,0x80001016] -> 0x0380
[10] [M]: 0x80001014 (0x038000EF) jal ra, 0x38
x1 <- 0x80001018

mem[X,0x8000104C] -> 0x0293
mem[X,0x8000104E] -> 0x0005
[11] [M]: 0x8000104C (0x00050293) addi t0, a0, 0x0
x5 <- 0x00000000

mem[X,0x80001050] -> 0x2373
mem[X,0x80001052] -> 0x3000
[12] [M]: 0x80001050 (0x30002373) csrrs t1, mstatus, zero
CSR mstatus -> 0x00000000
x6 <- 0x00000000

mem[X,0x80001054] -> 0x2FB7
mem[X,0x80001056] -> 0x0000
[13] [M]: 0x80001054 (0x00002FB7) lui t6, 0x2
x31 <- 0x00002000

mem[X,0x80001058] -> 0x8F93
mem[X,0x8000105A] -> 0x800F
[14] [M]: 0x80001058 (0x800F8F93) addi t6, t6, -0x800
x31 <- 0x00001800

mem[X,0x8000105C] -> 0xCF93
mem[X,0x8000105E] -> 0xFFFF
[15] [M]: 0x8000105C (0xFFFFCF93) xori t6, t6, -0x1
x31 <- 0xFFFFE7FF

mem[X,0x80001060] -> 0x7333
mem[X,0x80001062] -> 0x01F3
[16] [M]: 0x80001060 (0x01F37333) and t1, t1, t6
x6 <- 0x00000000

mem[X,0x80001064] -> 0x9863
mem[X,0x80001066] -> 0x0002
[17] [M]: 0x80001064 (0x00029863) bne t0, zero, 0x10

mem[X,0x80001068] -> 0x1FB7
mem[X,0x8000106A] -> 0x0000
[18] [M]: 0x80001068 (0x00001FB7) lui t6, 0x1
x31 <- 0x00001000

mem[X,0x8000106C] -> 0x8F93
mem[X,0x8000106E] -> 0x800F
[19] [M]: 0x8000106C (0x800F8F93) addi t6, t6, -0x800
x31 <- 0x00000800

mem[X,0x80001070] -> 0x006F
mem[X,0x80001072] -> 0x00C0
[20] [M]: 0x80001070 (0x00C0006F) jal zero, 0xc

mem[X,0x8000107C] -> 0x6333
mem[X,0x8000107E] -> 0x01F3
[21] [M]: 0x8000107C (0x01F36333) or t1, t1, t6
x6 <- 0x00000800

mem[X,0x80001080] -> 0x1073
mem[X,0x80001082] -> 0x3003
[22] [M]: 0x80001080 (0x30031073) csrrw zero, mstatus, t1
CSR mstatus <- 0x00000800 (input: 0x00000800)

mem[X,0x80001084] -> 0x9073
mem[X,0x80001086] -> 0x3410
[23] [M]: 0x80001084 (0x34109073) csrrw zero, mepc, ra
CSR mepc <- 0x80001018 (input: 0x80001018)

mem[X,0x80001088] -> 0x0073
mem[X,0x8000108A] -> 0x3020
[24] [M]: 0x80001088 (0x30200073) mret
CSR mstatus <- 0x00000080
ret-ing from M to S

mem[X,0x80001018] -> 0x2573
mem[X,0x8000101A] -> 0x1000
[25] [S]: 0x80001018 (0x10002573) csrrs a0, sstatus, zero
CSR sstatus -> 0x00000000
x10 <- 0x00000000

mem[X,0x8000101C] -> 0x0073
mem[X,0x8000101E] -> 0x0000
[26] [S]: 0x8000101C (0x00000073) ecall
trapping from S to M to handle s-call
handling exc#0x09 at priv M with tval 0x00000000
CSR mstatus <- 0x00000800

mem[X,0x8000108C] -> 0x2473
mem[X,0x8000108E] -> 0x3420
[27] [M]: 0x8000108C (0x34202473) csrrs fp, mcause, zero
CSR mcause -> 0x00000009
x8 <- 0x00000009

mem[X,0x80001090] -> 0x0493
mem[X,0x80001092] -> 0x0090
[28] [M]: 0x80001090 (0x00900493) addi s1, zero, 0x9
x9 <- 0x00000009

mem[X,0x80001094] -> 0x0913
mem[X,0x80001096] -> 0x0080
[29] [M]: 0x80001094 (0x00800913) addi s2, zero, 0x8
x18 <- 0x00000008

mem[X,0x80001098] -> 0x1863
mem[X,0x8000109A] -> 0x0094
[30] [M]: 0x80001098 (0x00941863) bne fp, s1, 0x10

mem[X,0x8000109C] -> 0x24B7
mem[X,0x8000109E] -> 0x0000
[31] [M]: 0x8000109C (0x000024B7) lui s1, 0x2
x9 <- 0x00002000

mem[X,0x800010A0] -> 0x8493
mem[X,0x800010A2] -> 0x8004
[32] [M]: 0x800010A0 (0x80048493) addi s1, s1, -0x800
x9 <- 0x00001800

mem[X,0x800010A4] -> 0x006F
mem[X,0x800010A6] -> 0x0140
[33] [M]: 0x800010A4 (0x0140006F) jal zero, 0x14

mem[X,0x800010B8] -> 0x2473
mem[X,0x800010BA] -> 0x3000
[34] [M]: 0x800010B8 (0x30002473) csrrs fp, mstatus, zero
CSR mstatus -> 0x00000800
x8 <- 0x00000800

mem[X,0x800010BC] -> 0x6433
mem[X,0x800010BE] -> 0x0094
[35] [M]: 0x800010BC (0x00946433) or fp, fp, s1
x8 <- 0x00001800

mem[X,0x800010C0] -> 0x1073
mem[X,0x800010C2] -> 0x3004
[36] [M]: 0x800010C0 (0x30041073) csrrw zero, mstatus, fp
CSR mstatus <- 0x00001800 (input: 0x00001800)

mem[X,0x800010C4] -> 0x8093
mem[X,0x800010C6] -> 0x0040
[37] [M]: 0x800010C4 (0x00408093) addi ra, ra, 0x4
x1 <- 0x8000101C

mem[X,0x800010C8] -> 0x9073
mem[X,0x800010CA] -> 0x3410
[38] [M]: 0x800010C8 (0x34109073) csrrw zero, mepc, ra
CSR mepc <- 0x8000101C (input: 0x8000101C)

mem[X,0x800010CC] -> 0x0073
mem[X,0x800010CE] -> 0x3020
[39] [M]: 0x800010CC (0x30200073) mret
CSR mstatus <- 0x00000080
ret-ing from M to M

mem[X,0x8000101C] -> 0x0073
mem[X,0x8000101E] -> 0x0000
[40] [M]: 0x8000101C (0x00000073) ecall
trapping from M to M to handle m-call
handling exc#0x0B at priv M with tval 0x00000000
CSR mstatus <- 0x00001800

mem[X,0x8000108C] -> 0x2473
mem[X,0x8000108E] -> 0x3420
[41] [M]: 0x8000108C (0x34202473) csrrs fp, mcause, zero
CSR mcause -> 0x0000000B
x8 <- 0x0000000B

mem[X,0x80001090] -> 0x0493
mem[X,0x80001092] -> 0x0090
[42] [M]: 0x80001090 (0x00900493) addi s1, zero, 0x9
x9 <- 0x00000009

mem[X,0x80001094] -> 0x0913
mem[X,0x80001096] -> 0x0080
[43] [M]: 0x80001094 (0x00800913) addi s2, zero, 0x8
x18 <- 0x00000008

mem[X,0x80001098] -> 0x1863
mem[X,0x8000109A] -> 0x0094
[44] [M]: 0x80001098 (0x00941863) bne fp, s1, 0x10

mem[X,0x800010A8] -> 0x1863
mem[X,0x800010AA] -> 0x0124
[45] [M]: 0x800010A8 (0x01241863) bne fp, s2, 0x10

mem[X,0x800010B8] -> 0x2473
mem[X,0x800010BA] -> 0x3000
[46] [M]: 0x800010B8 (0x30002473) csrrs fp, mstatus, zero
CSR mstatus -> 0x00001800
x8 <- 0x00001800

mem[X,0x800010BC] -> 0x6433
mem[X,0x800010BE] -> 0x0094
[47] [M]: 0x800010BC (0x00946433) or fp, fp, s1
x8 <- 0x00001809

mem[X,0x800010C0] -> 0x1073
mem[X,0x800010C2] -> 0x3004
[48] [M]: 0x800010C0 (0x30041073) csrrw zero, mstatus, fp
CSR mstatus <- 0x00001808 (input: 0x00001809)

mem[X,0x800010C4] -> 0x8093
mem[X,0x800010C6] -> 0x0040
[49] [M]: 0x800010C4 (0x00408093) addi ra, ra, 0x4
x1 <- 0x80001020

mem[X,0x800010C8] -> 0x9073
mem[X,0x800010CA] -> 0x3410
[50] [M]: 0x800010C8 (0x34109073) csrrw zero, mepc, ra
CSR mepc <- 0x80001020 (input: 0x80001020)

mem[X,0x800010CC] -> 0x0073
mem[X,0x800010CE] -> 0x3020
[51] [M]: 0x800010CC (0x30200073) mret
CSR mstatus <- 0x00000080
ret-ing from M to M

mem[X,0x80001020] -> 0x2573
mem[X,0x80001022] -> 0x3000
[52] [M]: 0x80001020 (0x30002573) csrrs a0, mstatus, zero
CSR mstatus -> 0x00000080
x10 <- 0x00000080

mem[X,0x80001024] -> 0x0513
mem[X,0x80001026] -> 0x0010
[53] [M]: 0x80001024 (0x00100513) addi a0, zero, 0x1
x10 <- 0x00000001

mem[X,0x80001028] -> 0x00EF
mem[X,0x8000102A] -> 0x0240
[54] [M]: 0x80001028 (0x024000EF) jal ra, 0x24
x1 <- 0x8000102C

mem[X,0x8000104C] -> 0x0293
mem[X,0x8000104E] -> 0x0005
[55] [M]: 0x8000104C (0x00050293) addi t0, a0, 0x0
x5 <- 0x00000001

mem[X,0x80001050] -> 0x2373
mem[X,0x80001052] -> 0x3000
[56] [M]: 0x80001050 (0x30002373) csrrs t1, mstatus, zero
CSR mstatus -> 0x00000080
x6 <- 0x00000080

mem[X,0x80001054] -> 0x2FB7
mem[X,0x80001056] -> 0x0000
[57] [M]: 0x80001054 (0x00002FB7) lui t6, 0x2
x31 <- 0x00002000

mem[X,0x80001058] -> 0x8F93
mem[X,0x8000105A] -> 0x800F
[58] [M]: 0x80001058 (0x800F8F93) addi t6, t6, -0x800
x31 <- 0x00001800

mem[X,0x8000105C] -> 0xCF93
mem[X,0x8000105E] -> 0xFFFF
[59] [M]: 0x8000105C (0xFFFFCF93) xori t6, t6, -0x1
x31 <- 0xFFFFE7FF

mem[X,0x80001060] -> 0x7333
mem[X,0x80001062] -> 0x01F3
[60] [M]: 0x80001060 (0x01F37333) and t1, t1, t6
x6 <- 0x00000080

mem[X,0x80001064] -> 0x9863
mem[X,0x80001066] -> 0x0002
[61] [M]: 0x80001064 (0x00029863) bne t0, zero, 0x10

mem[X,0x80001074] -> 0x0F93
mem[X,0x80001076] -> 0x0000
[62] [M]: 0x80001074 (0x00000F93) addi t6, zero, 0x0
x31 <- 0x00000000

mem[X,0x80001078] -> 0x006F
mem[X,0x8000107A] -> 0x0040
[63] [M]: 0x80001078 (0x0040006F) jal zero, 0x4

mem[X,0x8000107C] -> 0x6333
mem[X,0x8000107E] -> 0x01F3
[64] [M]: 0x8000107C (0x01F36333) or t1, t1, t6
x6 <- 0x00000080

mem[X,0x80001080] -> 0x1073
mem[X,0x80001082] -> 0x3003
[65] [M]: 0x80001080 (0x30031073) csrrw zero, mstatus, t1
CSR mstatus <- 0x00000080 (input: 0x00000080)

mem[X,0x80001084] -> 0x9073
mem[X,0x80001086] -> 0x3410
[66] [M]: 0x80001084 (0x34109073) csrrw zero, mepc, ra
CSR mepc <- 0x8000102C (input: 0x8000102C)

mem[X,0x80001088] -> 0x0073
mem[X,0x8000108A] -> 0x3020
[67] [M]: 0x80001088 (0x30200073) mret
CSR mstatus <- 0x00000088
ret-ing from M to U

mem[X,0x8000102C] -> 0x0073
mem[X,0x8000102E] -> 0x0000
[68] [U]: 0x8000102C (0x00000073) ecall
trapping from U to M to handle u-call
handling exc#0x08 at priv M with tval 0x00000000
CSR mstatus <- 0x00000080

mem[X,0x8000108C] -> 0x2473
mem[X,0x8000108E] -> 0x3420
[69] [M]: 0x8000108C (0x34202473) csrrs fp, mcause, zero
CSR mcause -> 0x00000008
x8 <- 0x00000008

mem[X,0x80001090] -> 0x0493
mem[X,0x80001092] -> 0x0090
[70] [M]: 0x80001090 (0x00900493) addi s1, zero, 0x9
x9 <- 0x00000009

mem[X,0x80001094] -> 0x0913
mem[X,0x80001096] -> 0x0080
[71] [M]: 0x80001094 (0x00800913) addi s2, zero, 0x8
x18 <- 0x00000008

mem[X,0x80001098] -> 0x1863
mem[X,0x8000109A] -> 0x0094
[72] [M]: 0x80001098 (0x00941863) bne fp, s1, 0x10

mem[X,0x800010A8] -> 0x1863
mem[X,0x800010AA] -> 0x0124
[73] [M]: 0x800010A8 (0x01241863) bne fp, s2, 0x10

mem[X,0x800010AC] -> 0x14B7
mem[X,0x800010AE] -> 0x0000
[74] [M]: 0x800010AC (0x000014B7) lui s1, 0x1
x9 <- 0x00001000

mem[X,0x800010B0] -> 0x8493
mem[X,0x800010B2] -> 0x8004
[75] [M]: 0x800010B0 (0x80048493) addi s1, s1, -0x800
x9 <- 0x00000800

mem[X,0x800010B4] -> 0x006F
mem[X,0x800010B6] -> 0x0040
[76] [M]: 0x800010B4 (0x0040006F) jal zero, 0x4

mem[X,0x800010B8] -> 0x2473
mem[X,0x800010BA] -> 0x3000
[77] [M]: 0x800010B8 (0x30002473) csrrs fp, mstatus, zero
CSR mstatus -> 0x00000080
x8 <- 0x00000080

mem[X,0x800010BC] -> 0x6433
mem[X,0x800010BE] -> 0x0094
[78] [M]: 0x800010BC (0x00946433) or fp, fp, s1
x8 <- 0x00000880

mem[X,0x800010C0] -> 0x1073
mem[X,0x800010C2] -> 0x3004
[79] [M]: 0x800010C0 (0x30041073) csrrw zero, mstatus, fp
CSR mstatus <- 0x00000880 (input: 0x00000880)

mem[X,0x800010C4] -> 0x8093
mem[X,0x800010C6] -> 0x0040
[80] [M]: 0x800010C4 (0x00408093) addi ra, ra, 0x4
x1 <- 0x80001030

mem[X,0x800010C8] -> 0x9073
mem[X,0x800010CA] -> 0x3410
[81] [M]: 0x800010C8 (0x34109073) csrrw zero, mepc, ra
CSR mepc <- 0x80001030 (input: 0x80001030)

mem[X,0x800010CC] -> 0x0073
mem[X,0x800010CE] -> 0x3020
[82] [M]: 0x800010CC (0x30200073) mret
CSR mstatus <- 0x00000088
ret-ing from M to S

mem[X,0x80001030] -> 0x0073
mem[X,0x80001032] -> 0x0000
[83] [S]: 0x80001030 (0x00000073) ecall
trapping from S to M to handle s-call
handling exc#0x09 at priv M with tval 0x00000000
CSR mstatus <- 0x00000880

mem[X,0x8000108C] -> 0x2473
mem[X,0x8000108E] -> 0x3420
[84] [M]: 0x8000108C (0x34202473) csrrs fp, mcause, zero
CSR mcause -> 0x00000009
x8 <- 0x00000009

mem[X,0x80001090] -> 0x0493
mem[X,0x80001092] -> 0x0090
[85] [M]: 0x80001090 (0x00900493) addi s1, zero, 0x9
x9 <- 0x00000009

mem[X,0x80001094] -> 0x0913
mem[X,0x80001096] -> 0x0080
[86] [M]: 0x80001094 (0x00800913) addi s2, zero, 0x8
x18 <- 0x00000008

mem[X,0x80001098] -> 0x1863
mem[X,0x8000109A] -> 0x0094
[87] [M]: 0x80001098 (0x00941863) bne fp, s1, 0x10

mem[X,0x8000109C] -> 0x24B7
mem[X,0x8000109E] -> 0x0000
[88] [M]: 0x8000109C (0x000024B7) lui s1, 0x2
x9 <- 0x00002000

mem[X,0x800010A0] -> 0x8493
mem[X,0x800010A2] -> 0x8004
[89] [M]: 0x800010A0 (0x80048493) addi s1, s1, -0x800
x9 <- 0x00001800

mem[X,0x800010A4] -> 0x006F
mem[X,0x800010A6] -> 0x0140
[90] [M]: 0x800010A4 (0x0140006F) jal zero, 0x14

mem[X,0x800010B8] -> 0x2473
mem[X,0x800010BA] -> 0x3000
[91] [M]: 0x800010B8 (0x30002473) csrrs fp, mstatus, zero
CSR mstatus -> 0x00000880
x8 <- 0x00000880

mem[X,0x800010BC] -> 0x6433
mem[X,0x800010BE] -> 0x0094
[92] [M]: 0x800010BC (0x00946433) or fp, fp, s1
x8 <- 0x00001880

mem[X,0x800010C0] -> 0x1073
mem[X,0x800010C2] -> 0x3004
[93] [M]: 0x800010C0 (0x30041073) csrrw zero, mstatus, fp
CSR mstatus <- 0x00001880 (input: 0x00001880)

mem[X,0x800010C4] -> 0x8093
mem[X,0x800010C6] -> 0x0040
[94] [M]: 0x800010C4 (0x00408093) addi ra, ra, 0x4
x1 <- 0x80001034

mem[X,0x800010C8] -> 0x9073
mem[X,0x800010CA] -> 0x3410
[95] [M]: 0x800010C8 (0x34109073) csrrw zero, mepc, ra
CSR mepc <- 0x80001034 (input: 0x80001034)

mem[X,0x800010CC] -> 0x0073
mem[X,0x800010CE] -> 0x3020
[96] [M]: 0x800010CC (0x30200073) mret
CSR mstatus <- 0x00000088
ret-ing from M to M

mem[X,0x80001034] -> 0x2573
mem[X,0x80001036] -> 0x3000
[97] [M]: 0x80001034 (0x30002573) csrrs a0, mstatus, zero
CSR mstatus -> 0x00000088
x10 <- 0x00000088

mem[X,0x80001038] -> 0x00EF
mem[X,0x8000103A] -> 0x0040
[98] [M]: 0x80001038 (0x004000EF) jal ra, 0x4
x1 <- 0x8000103C

mem[X,0x8000103C] -> 0x0193
mem[X,0x8000103E] -> 0x0010
[99] [M]: 0x8000103C (0x00100193) addi gp, zero, 0x1
x3 <- 0x00000001

clint::tick mtime <- 0x0000000000000001
 clint timer pending at mtime 0x0000000000000001
htif::tick 0x0000000000000000
mem[X,0x80001040] -> 0xFF17
mem[X,0x80001042] -> 0xFFFF
[100] [M]: 0x80001040 (0xFFFFFF17) auipc t5, -0x1
x30 <- 0x80000040

mem[X,0x80001044] -> 0x2023
mem[X,0x80001046] -> 0xFC3F
[101] [M]: 0x80001044 (0xFC3F2023) sw gp, -0x40(t5)
htif[0x80000000] <- 0x00000001

mem[X,0x80001048] -> 0xF0EF
mem[X,0x8000104A] -> 0xFF5F
[102] [M]: 0x80001048 (0xFF5FF0EF) jal ra, -0xc
x1 <- 0x8000104C

mem[X,0x8000103C] -> 0x0193
mem[X,0x8000103E] -> 0x0010
[103] [M]: 0x8000103C (0x00100193) addi gp, zero, 0x1
x3 <- 0x00000001

mem[X,0x80001040] -> 0xFF17
mem[X,0x80001042] -> 0xFFFF
[104] [M]: 0x80001040 (0xFFFFFF17) auipc t5, -0x1
x30 <- 0x80000040

mem[X,0x80001044] -> 0x2023
mem[X,0x80001046] -> 0xFC3F
[105] [M]: 0x80001044 (0xFC3F2023) sw gp, -0x40(t5)
htif[0x80000000] <- 0x00000001

mem[X,0x80001048] -> 0xF0EF
mem[X,0x8000104A] -> 0xFF5F
[106] [M]: 0x80001048 (0xFF5FF0EF) jal ra, -0xc
x1 <- 0x8000104C

mem[X,0x8000103C] -> 0x0193
mem[X,0x8000103E] -> 0x0010
[107] [M]: 0x8000103C (0x00100193) addi gp, zero, 0x1
x3 <- 0x00000001

mem[X,0x80001040] -> 0xFF17
mem[X,0x80001042] -> 0xFFFF
[108] [M]: 0x80001040 (0xFFFFFF17) auipc t5, -0x1
x30 <- 0x80000040

mem[X,0x80001044] -> 0x2023
mem[X,0x80001046] -> 0xFC3F
[109] [M]: 0x80001044 (0xFC3F2023) sw gp, -0x40(t5)
htif[0x80000000] <- 0x00000001
htif-syscall-proxy cmd: 0x000000000001

SUCCESS
